<?xml version="1.0" encoding="UTF-8"?>
<testng-results ignored="0" total="3" passed="3" failed="0" skipped="0">
  <reporter-output>
  </reporter-output>
  <suite started-at="2022-05-06T11:59:35 IST" name="Default suite" finished-at="2022-05-06T11:59:38 IST" duration-ms="3360">
    <groups>
    </groups>
    <test started-at="2022-05-06T11:59:35 IST" name="Default test" finished-at="2022-05-06T11:59:38 IST" duration-ms="3360">
      <class name="StepDefinitions.ForeignSteps8">
        <test-method signature="api_for_for_login()[pri:0, instance:StepDefinitions.ForeignSteps8@6a370f4]" started-at="2022-05-06T11:59:35 IST" name="api_for_for_login" finished-at="2022-05-06T11:59:35 IST" duration-ms="703" status="PASS">
          <reporter-output>
          </reporter-output>
        </test-method> <!-- api_for_for_login -->
        <test-method signature="posted_with_multiple_set_of_data_information()[pri:0, instance:StepDefinitions.ForeignSteps8@6a370f4]" started-at="2022-05-06T11:59:35 IST" name="posted_with_multiple_set_of_data_information" finished-at="2022-05-06T11:59:38 IST" duration-ms="2577" status="PASS">
          <reporter-output>
          </reporter-output>
        </test-method> <!-- posted_with_multiple_set_of_data_information -->
        <test-method signature="validate_positive_response_code_received_from_login_page()[pri:0, instance:StepDefinitions.ForeignSteps8@6a370f4]" started-at="2022-05-06T11:59:38 IST" name="validate_positive_response_code_received_from_login_page" finished-at="2022-05-06T11:59:38 IST" duration-ms="10" status="PASS">
          <reporter-output>
          </reporter-output>
        </test-method> <!-- validate_positive_response_code_received_from_login_page -->
      </class> <!-- StepDefinitions.ForeignSteps8 -->
    </test> <!-- Default test -->
  </suite> <!-- Default suite -->
</testng-results>
